[0m09:23:33.511796 [debug] [MainThread]: Sending event: {'category': 'dbt', 'action': 'invocation', 'label': 'start', 'context': [<snowplow_tracker.self_describing_json.SelfDescribingJson object at 0x000001B4F908DA90>, <snowplow_tracker.self_describing_json.SelfDescribingJson object at 0x000001B4F908F1A0>, <snowplow_tracker.self_describing_json.SelfDescribingJson object at 0x000001B4F908D610>]}


============================== 09:23:33.516353 | 3a6314b8-e855-4612-8b5a-a5cc394d66f2 ==============================
[0m09:23:33.516353 [info ] [MainThread]: Running with dbt=1.10.6
[0m09:23:33.517352 [debug] [MainThread]: running dbt with arguments {'printer_width': '80', 'indirect_selection': 'eager', 'write_json': 'True', 'log_cache_events': 'False', 'partial_parse': 'True', 'cache_selected_only': 'False', 'warn_error': 'None', 'version_check': 'True', 'fail_fast': 'False', 'log_path': 'logs', 'debug': 'False', 'profiles_dir': 'C:\\Users\\LENOVO PC\\.dbt', 'use_colors': 'True', 'use_experimental_parser': 'False', 'no_print': 'None', 'quiet': 'False', 'empty': 'None', 'log_format': 'default', 'static_parser': 'True', 'invocation_command': 'dbt init netflix', 'warn_error_options': 'WarnErrorOptionsV2(error=[], warn=[], silence=[])', 'target_path': 'None', 'introspect': 'True', 'send_anonymous_usage_stats': 'True'}
[0m09:23:33.540837 [info ] [MainThread]: Creating dbt configuration folder at C:\Users\LENOVO PC\.dbt
[0m09:23:33.544844 [debug] [MainThread]: Starter project path: F:\valdes\Formations\dbt_netfix\venv\Lib\site-packages\dbt\include\starter_project
[0m09:23:33.561050 [info ] [MainThread]: 
Your new dbt project "netflix" was created!

For more information on how to configure the profiles.yml file,
please consult the dbt documentation here:

  https://docs.getdbt.com/docs/configure-your-profile

One more thing:

Need help? Don't hesitate to reach out to us via GitHub issues or on Slack:

  https://community.getdbt.com/

Happy modeling!

[0m09:23:33.562052 [info ] [MainThread]: Setting up your profile.
[0m09:33:57.222115 [info ] [MainThread]: Profile netflix written to C:\Users\LENOVO PC\.dbt\profiles.yml using target's profile_template.yml and your supplied values. Run 'dbt debug' to validate the connection.
[0m09:33:57.224607 [debug] [MainThread]: Command `dbt init` succeeded at 09:33:57.224607 after 623.89 seconds
[0m09:33:57.225636 [debug] [MainThread]: Sending event: {'category': 'dbt', 'action': 'invocation', 'label': 'end', 'context': [<snowplow_tracker.self_describing_json.SelfDescribingJson object at 0x000001B4F952F950>, <snowplow_tracker.self_describing_json.SelfDescribingJson object at 0x000001B4F952DE80>, <snowplow_tracker.self_describing_json.SelfDescribingJson object at 0x000001B4FAC011C0>]}
[0m09:33:57.226631 [debug] [MainThread]: Flushing usage events
[0m09:33:57.656376 [debug] [MainThread]: An error was encountered while trying to flush usage events
[0m10:16:18.382302 [debug] [MainThread]: Sending event: {'category': 'dbt', 'action': 'invocation', 'label': 'start', 'context': [<snowplow_tracker.self_describing_json.SelfDescribingJson object at 0x00000153093A3380>, <snowplow_tracker.self_describing_json.SelfDescribingJson object at 0x000001530936D7C0>, <snowplow_tracker.self_describing_json.SelfDescribingJson object at 0x00000153097E7140>]}


============================== 10:16:18.400361 | 40b7494e-a6a1-488d-9414-b08b58ca37e3 ==============================
[0m10:16:18.400361 [info ] [MainThread]: Running with dbt=1.10.6
[0m10:16:18.401370 [debug] [MainThread]: running dbt with arguments {'printer_width': '80', 'indirect_selection': 'eager', 'write_json': 'True', 'log_cache_events': 'False', 'partial_parse': 'True', 'cache_selected_only': 'False', 'warn_error': 'None', 'version_check': 'True', 'debug': 'False', 'log_path': 'logs', 'fail_fast': 'False', 'profiles_dir': 'C:\\Users\\LENOVO PC\\.dbt', 'use_colors': 'True', 'use_experimental_parser': 'False', 'empty': 'False', 'quiet': 'False', 'no_print': 'None', 'warn_error_options': 'WarnErrorOptionsV2(error=[], warn=[], silence=[])', 'invocation_command': 'dbt run', 'static_parser': 'True', 'log_format': 'default', 'target_path': 'None', 'introspect': 'True', 'send_anonymous_usage_stats': 'True'}
[0m10:16:18.402368 [error] [MainThread]: Encountered an error:
Runtime Error
  No dbt_project.yml found at expected path F:\valdes\Formations\dbt_netfix\dbt_project.yml
  Verify that each entry within packages.yml (and their transitive dependencies) contains a file named dbt_project.yml
  
[0m10:16:18.403779 [debug] [MainThread]: Command `dbt run` failed at 10:16:18.403779 after 0.50 seconds
[0m10:16:18.404793 [debug] [MainThread]: Sending event: {'category': 'dbt', 'action': 'invocation', 'label': 'end', 'context': [<snowplow_tracker.self_describing_json.SelfDescribingJson object at 0x00000153098301D0>, <snowplow_tracker.self_describing_json.SelfDescribingJson object at 0x0000015309966960>, <snowplow_tracker.self_describing_json.SelfDescribingJson object at 0x000001530998A4E0>]}
[0m10:16:18.405815 [debug] [MainThread]: Flushing usage events
[0m10:16:18.870485 [debug] [MainThread]: An error was encountered while trying to flush usage events
